2025-07-03T00:48:16.966+05:30  WARN 92145 --- [wildlife-api] [HikariPool-15 housekeeper] com.zaxxer.hikari.pool.HikariPool        : HikariPool-15 - Thread starvation or clock leap detected (housekeeper delta=1h4m53s373ms).
2025-07-03T01:22:34.204+05:30  WARN 92145 --- [wildlife-api] [HikariPool-15 housekeeper] com.zaxxer.hikari.pool.HikariPool        : HikariPool-15 - Thread starvation or clock leap detected (housekeeper delta=34m17s242ms).
2025-07-03T02:05:30.086+05:30  WARN 92145 --- [wildlife-api] [HikariPool-15 housekeeper] com.zaxxer.hikari.pool.HikariPool        : HikariPool-15 - Thread starvation or clock leap detected (housekeeper delta=42m55s881ms).
2025-07-03T02:50:34.928+05:30  WARN 92145 --- [wildlife-api] [HikariPool-15 housekeeper] com.zaxxer.hikari.pool.HikariPool        : HikariPool-15 - Thread starvation or clock leap detected (housekeeper delta=45m4s844ms).
2025-07-03T03:51:30.516+05:30  WARN 92145 --- [wildlife-api] [HikariPool-15 housekeeper] com.zaxxer.hikari.pool.HikariPool        : HikariPool-15 - Thread starvation or clock leap detected (housekeeper delta=1h55s586ms).
2025-07-03T04:41:41.956+05:30  WARN 92145 --- [wildlife-api] [HikariPool-15 housekeeper] com.zaxxer.hikari.pool.HikariPool        : HikariPool-15 - Thread starvation or clock leap detected (housekeeper delta=50m11s439ms).
2025-07-03T04:49:56.732+05:30  INFO 92145 --- [wildlife-api] [File Watcher] rtingClassPathChangeChangedEventListener : Restarting due to 1 class path change (0 additions, 0 deletions, 1 modification)
2025-07-03T04:49:56.817+05:30  INFO 92145 --- [wildlife-api] [Thread-59] j.LocalContainerEntityManagerFactoryBean : Closing JPA EntityManagerFactory for persistence unit 'default'
2025-07-03T04:49:56.838+05:30  INFO 92145 --- [wildlife-api] [Thread-59] com.zaxxer.hikari.HikariDataSource       : HikariPool-15 - Shutdown initiated...
2025-07-03T04:49:56.842+05:30  INFO 92145 --- [wildlife-api] [Thread-59] com.zaxxer.hikari.HikariDataSource       : HikariPool-15 - Shutdown completed.
2025-07-03T04:49:57.214+05:30  INFO 92145 --- [wildlife-api] [restartedMain] com.wildlife.WildlifeApiApplication      : Starting WildlifeApiApplication using Java 17.0.10 with PID 92145 (/Users/zahidakhtar/Documents/repo/wildlife/wildlife-api-java/target/classes started by zahidakhtar in /Users/zahidakhtar/Documents/repo/wildlife/wildlife-api-java)
2025-07-03T04:49:57.214+05:30 DEBUG 92145 --- [wildlife-api] [restartedMain] com.wildlife.WildlifeApiApplication      : Running with Spring Boot v3.3.5, Spring v6.1.14
2025-07-03T04:49:57.214+05:30  INFO 92145 --- [wildlife-api] [restartedMain] com.wildlife.WildlifeApiApplication      : The following 1 profile is active: "dev"
2025-07-03T04:49:57.532+05:30  INFO 92145 --- [wildlife-api] [restartedMain] .s.d.r.c.RepositoryConfigurationDelegate : Bootstrapping Spring Data JPA repositories in DEFAULT mode.
2025-07-03T04:49:57.545+05:30  INFO 92145 --- [wildlife-api] [restartedMain] .s.d.r.c.RepositoryConfigurationDelegate : Finished Spring Data repository scanning in 12 ms. Found 2 JPA repository interfaces.
2025-07-03T04:49:57.806+05:30  INFO 92145 --- [wildlife-api] [restartedMain] o.s.b.w.embedded.tomcat.TomcatWebServer  : Tomcat initialized with port 3001 (http)
2025-07-03T04:49:57.807+05:30  INFO 92145 --- [wildlife-api] [restartedMain] o.apache.catalina.core.StandardService   : Starting service [Tomcat]
2025-07-03T04:49:57.807+05:30  INFO 92145 --- [wildlife-api] [restartedMain] o.apache.catalina.core.StandardEngine    : Starting Servlet engine: [Apache Tomcat/10.1.31]
2025-07-03T04:49:57.813+05:30  INFO 92145 --- [wildlife-api] [restartedMain] o.a.c.c.C.[Tomcat].[localhost].[/]       : Initializing Spring embedded WebApplicationContext
2025-07-03T04:49:57.813+05:30  INFO 92145 --- [wildlife-api] [restartedMain] w.s.c.ServletWebServerApplicationContext : Root WebApplicationContext: initialization completed in 596 ms
2025-07-03T04:49:57.888+05:30  INFO 92145 --- [wildlife-api] [restartedMain] com.zaxxer.hikari.HikariDataSource       : HikariPool-16 - Starting...
2025-07-03T04:49:57.964+05:30  INFO 92145 --- [wildlife-api] [restartedMain] com.zaxxer.hikari.pool.HikariPool        : HikariPool-16 - Added connection org.postgresql.jdbc.PgConnection@392f8bc1
2025-07-03T04:49:57.964+05:30  INFO 92145 --- [wildlife-api] [restartedMain] com.zaxxer.hikari.HikariDataSource       : HikariPool-16 - Start completed.
2025-07-03T04:49:57.964+05:30  INFO 92145 --- [wildlife-api] [restartedMain] o.s.b.a.h2.H2ConsoleAutoConfiguration    : H2 console available at '/h2-console'. Database available at 'jdbc:postgresql://localhost:5432/wildlife_db'
2025-07-03T04:49:58.031+05:30 DEBUG 92145 --- [wildlife-api] [restartedMain] c.w.s.security.JwtAuthenticationFilter   : Filter 'jwtAuthenticationFilter' configured for use
2025-07-03T04:49:58.031+05:30 DEBUG 92145 --- [wildlife-api] [restartedMain] o.s.w.f.ServerHttpObservationFilter      : Filter 'webMvcObservationFilter' configured for use
2025-07-03T04:49:58.065+05:30  INFO 92145 --- [wildlife-api] [restartedMain] o.hibernate.jpa.internal.util.LogHelper  : HHH000204: Processing PersistenceUnitInfo [name: default]
2025-07-03T04:49:58.066+05:30  INFO 92145 --- [wildlife-api] [restartedMain] o.h.c.internal.RegionFactoryInitiator    : HHH000026: Second-level cache disabled
2025-07-03T04:49:58.070+05:30  INFO 92145 --- [wildlife-api] [restartedMain] o.s.o.j.p.SpringPersistenceUnitInfo      : No LoadTimeWeaver setup: ignoring JPA class transformer
2025-07-03T04:49:58.086+05:30  WARN 92145 --- [wildlife-api] [restartedMain] org.hibernate.orm.deprecation            : HHH90000025: PostgreSQLDialect does not need to be specified explicitly using 'hibernate.dialect' (remove the property setting and it will be selected by default)
2025-07-03T04:49:58.124+05:30  INFO 92145 --- [wildlife-api] [restartedMain] o.h.e.t.j.p.i.JtaPlatformInitiator       : HHH000489: No JTA platform available (set 'hibernate.transaction.jta.platform' to enable JTA platform integration)
2025-07-03T04:49:58.155+05:30 DEBUG 92145 --- [wildlife-api] [restartedMain] org.hibernate.SQL                        : alter table if exists articles alter column content set data type TEXT
2025-07-03T04:49:58.159+05:30 DEBUG 92145 --- [wildlife-api] [restartedMain] org.hibernate.SQL                        : alter table if exists articles alter column images set data type TEXT
2025-07-03T04:49:58.163+05:30 DEBUG 92145 --- [wildlife-api] [restartedMain] org.hibernate.SQL                        : alter table if exists articles alter column videos set data type TEXT
2025-07-03T04:49:58.177+05:30  INFO 92145 --- [wildlife-api] [restartedMain] j.LocalContainerEntityManagerFactoryBean : Initialized JPA EntityManagerFactory for persistence unit 'default'
2025-07-03T04:49:58.374+05:30  INFO 92145 --- [wildlife-api] [restartedMain] c.wildlife.upload.service.UploadService  : Cloudinary service initialized with cloud: dc2tqyj5d
2025-07-03T04:49:58.457+05:30  WARN 92145 --- [wildlife-api] [restartedMain] JpaBaseConfiguration$JpaWebConfiguration : spring.jpa.open-in-view is enabled by default. Therefore, database queries may be performed during view rendering. Explicitly configure spring.jpa.open-in-view to disable this warning
2025-07-03T04:49:58.487+05:30  WARN 92145 --- [wildlife-api] [restartedMain] .s.s.UserDetailsServiceAutoConfiguration : 

Using generated security password: e2bd54fa-9d1b-43ac-8d87-0becab971a80

This generated password is for development use only. Your security configuration must be updated before running your application in production.

2025-07-03T04:49:58.490+05:30  INFO 92145 --- [wildlife-api] [restartedMain] r$InitializeUserDetailsManagerConfigurer : Global AuthenticationManager configured with UserDetailsService bean with name inMemoryUserDetailsManager
2025-07-03T04:49:58.546+05:30 DEBUG 92145 --- [wildlife-api] [restartedMain] s.w.s.m.m.a.RequestMappingHandlerMapping : 51 mappings in 'requestMappingHandlerMapping'
2025-07-03T04:49:58.644+05:30 DEBUG 92145 --- [wildlife-api] [restartedMain] o.s.w.s.handler.SimpleUrlHandlerMapping  : Patterns [/webjars/**, /**, /swagger-ui*/*swagger-initializer.js, /swagger-ui*/**] in 'resourceHandlerMapping'
2025-07-03T04:49:58.717+05:30  INFO 92145 --- [wildlife-api] [restartedMain] o.s.b.a.e.web.EndpointLinksResolver      : Exposing 3 endpoints beneath base path '/actuator'
2025-07-03T04:49:58.812+05:30 DEBUG 92145 --- [wildlife-api] [restartedMain] o.s.s.web.DefaultSecurityFilterChain     : Will secure any request with filters: DisableEncodeUrlFilter, WebAsyncManagerIntegrationFilter, SecurityContextHolderFilter, HeaderWriterFilter, CorsFilter, LogoutFilter, JwtAuthenticationFilter, RequestCacheAwareFilter, SecurityContextHolderAwareRequestFilter, AnonymousAuthenticationFilter, SessionManagementFilter, ExceptionTranslationFilter, AuthorizationFilter
2025-07-03T04:49:58.896+05:30 DEBUG 92145 --- [wildlife-api] [restartedMain] s.w.s.m.m.a.RequestMappingHandlerAdapter : ControllerAdvice beans: 0 @ModelAttribute, 0 @InitBinder, 1 RequestBodyAdvice, 1 ResponseBodyAdvice
2025-07-03T04:49:58.912+05:30 DEBUG 92145 --- [wildlife-api] [restartedMain] .m.m.a.ExceptionHandlerExceptionResolver : ControllerAdvice beans: 2 @ExceptionHandler, 1 ResponseBodyAdvice
2025-07-03T04:49:59.078+05:30  INFO 92145 --- [wildlife-api] [restartedMain] o.s.b.d.a.OptionalLiveReloadServer       : LiveReload server is running on port 35729
2025-07-03T04:49:59.093+05:30  INFO 92145 --- [wildlife-api] [restartedMain] o.s.b.w.embedded.tomcat.TomcatWebServer  : Tomcat started on port 3001 (http) with context path '/'
2025-07-03T04:49:59.100+05:30  INFO 92145 --- [wildlife-api] [restartedMain] com.wildlife.WildlifeApiApplication      : Started WildlifeApiApplication in 1.927 seconds (process running for 10959.394)
2025-07-03T04:49:59.101+05:30  INFO 92145 --- [wildlife-api] [restartedMain] .ConditionEvaluationDeltaLoggingListener : Condition evaluation unchanged
2025-07-03T04:50:00.509+05:30  INFO 92145 --- [wildlife-api] [File Watcher] rtingClassPathChangeChangedEventListener : Restarting due to 5 class path changes (0 additions, 0 deletions, 5 modifications)
2025-07-03T04:50:00.519+05:30  INFO 92145 --- [wildlife-api] [Thread-63] j.LocalContainerEntityManagerFactoryBean : Closing JPA EntityManagerFactory for persistence unit 'default'
2025-07-03T04:50:00.520+05:30  INFO 92145 --- [wildlife-api] [Thread-63] com.zaxxer.hikari.HikariDataSource       : HikariPool-16 - Shutdown initiated...
2025-07-03T04:50:00.521+05:30  INFO 92145 --- [wildlife-api] [Thread-63] com.zaxxer.hikari.HikariDataSource       : HikariPool-16 - Shutdown completed.
2025-07-03T04:50:00.597+05:30  INFO 92145 --- [wildlife-api] [restartedMain] com.wildlife.WildlifeApiApplication      : Starting WildlifeApiApplication using Java 17.0.10 with PID 92145 (/Users/zahidakhtar/Documents/repo/wildlife/wildlife-api-java/target/classes started by zahidakhtar in /Users/zahidakhtar/Documents/repo/wildlife/wildlife-api-java)
2025-07-03T04:50:00.597+05:30 DEBUG 92145 --- [wildlife-api] [restartedMain] com.wildlife.WildlifeApiApplication      : Running with Spring Boot v3.3.5, Spring v6.1.14
2025-07-03T04:50:00.597+05:30  INFO 92145 --- [wildlife-api] [restartedMain] com.wildlife.WildlifeApiApplication      : The following 1 profile is active: "dev"
2025-07-03T04:50:00.714+05:30  INFO 92145 --- [wildlife-api] [restartedMain] .s.d.r.c.RepositoryConfigurationDelegate : Bootstrapping Spring Data JPA repositories in DEFAULT mode.
2025-07-03T04:50:00.720+05:30  INFO 92145 --- [wildlife-api] [restartedMain] .s.d.r.c.RepositoryConfigurationDelegate : Finished Spring Data repository scanning in 5 ms. Found 2 JPA repository interfaces.
2025-07-03T04:50:00.840+05:30  INFO 92145 --- [wildlife-api] [restartedMain] o.s.b.w.embedded.tomcat.TomcatWebServer  : Tomcat initialized with port 3001 (http)
2025-07-03T04:50:00.840+05:30  INFO 92145 --- [wildlife-api] [restartedMain] o.apache.catalina.core.StandardService   : Starting service [Tomcat]
2025-07-03T04:50:00.840+05:30  INFO 92145 --- [wildlife-api] [restartedMain] o.apache.catalina.core.StandardEngine    : Starting Servlet engine: [Apache Tomcat/10.1.31]
2025-07-03T04:50:00.845+05:30  INFO 92145 --- [wildlife-api] [restartedMain] o.a.c.c.C.[Tomcat].[localhost].[/]       : Initializing Spring embedded WebApplicationContext
2025-07-03T04:50:00.845+05:30  INFO 92145 --- [wildlife-api] [restartedMain] w.s.c.ServletWebServerApplicationContext : Root WebApplicationContext: initialization completed in 247 ms
2025-07-03T04:50:00.895+05:30  INFO 92145 --- [wildlife-api] [restartedMain] com.zaxxer.hikari.HikariDataSource       : HikariPool-17 - Starting...
2025-07-03T04:50:00.912+05:30  INFO 92145 --- [wildlife-api] [restartedMain] com.zaxxer.hikari.pool.HikariPool        : HikariPool-17 - Added connection org.postgresql.jdbc.PgConnection@69b65d97
2025-07-03T04:50:00.912+05:30  INFO 92145 --- [wildlife-api] [restartedMain] com.zaxxer.hikari.HikariDataSource       : HikariPool-17 - Start completed.
2025-07-03T04:50:00.912+05:30  INFO 92145 --- [wildlife-api] [restartedMain] o.s.b.a.h2.H2ConsoleAutoConfiguration    : H2 console available at '/h2-console'. Database available at 'jdbc:postgresql://localhost:5432/wildlife_db'
2025-07-03T04:50:00.968+05:30 DEBUG 92145 --- [wildlife-api] [restartedMain] c.w.s.security.JwtAuthenticationFilter   : Filter 'jwtAuthenticationFilter' configured for use
2025-07-03T04:50:00.968+05:30 DEBUG 92145 --- [wildlife-api] [restartedMain] o.s.w.f.ServerHttpObservationFilter      : Filter 'webMvcObservationFilter' configured for use
2025-07-03T04:50:00.998+05:30  INFO 92145 --- [wildlife-api] [restartedMain] o.hibernate.jpa.internal.util.LogHelper  : HHH000204: Processing PersistenceUnitInfo [name: default]
2025-07-03T04:50:00.999+05:30  INFO 92145 --- [wildlife-api] [restartedMain] o.h.c.internal.RegionFactoryInitiator    : HHH000026: Second-level cache disabled
2025-07-03T04:50:01.002+05:30  INFO 92145 --- [wildlife-api] [restartedMain] o.s.o.j.p.SpringPersistenceUnitInfo      : No LoadTimeWeaver setup: ignoring JPA class transformer
2025-07-03T04:50:01.005+05:30  WARN 92145 --- [wildlife-api] [restartedMain] org.hibernate.orm.deprecation            : HHH90000025: PostgreSQLDialect does not need to be specified explicitly using 'hibernate.dialect' (remove the property setting and it will be selected by default)
2025-07-03T04:50:01.036+05:30  INFO 92145 --- [wildlife-api] [restartedMain] o.h.e.t.j.p.i.JtaPlatformInitiator       : HHH000489: No JTA platform available (set 'hibernate.transaction.jta.platform' to enable JTA platform integration)
2025-07-03T04:50:01.054+05:30 DEBUG 92145 --- [wildlife-api] [restartedMain] org.hibernate.SQL                        : alter table if exists articles alter column content set data type TEXT
2025-07-03T04:50:01.055+05:30 DEBUG 92145 --- [wildlife-api] [restartedMain] org.hibernate.SQL                        : alter table if exists articles alter column images set data type TEXT
2025-07-03T04:50:01.057+05:30 DEBUG 92145 --- [wildlife-api] [restartedMain] org.hibernate.SQL                        : alter table if exists articles alter column videos set data type TEXT
2025-07-03T04:50:01.066+05:30  INFO 92145 --- [wildlife-api] [restartedMain] j.LocalContainerEntityManagerFactoryBean : Initialized JPA EntityManagerFactory for persistence unit 'default'
2025-07-03T04:50:01.223+05:30  INFO 92145 --- [wildlife-api] [restartedMain] c.wildlife.upload.service.UploadService  : Cloudinary service initialized with cloud: dc2tqyj5d
2025-07-03T04:50:01.289+05:30  WARN 92145 --- [wildlife-api] [restartedMain] JpaBaseConfiguration$JpaWebConfiguration : spring.jpa.open-in-view is enabled by default. Therefore, database queries may be performed during view rendering. Explicitly configure spring.jpa.open-in-view to disable this warning
2025-07-03T04:50:01.318+05:30  WARN 92145 --- [wildlife-api] [restartedMain] .s.s.UserDetailsServiceAutoConfiguration : 

Using generated security password: fd972c96-4426-426a-9857-458561408326

This generated password is for development use only. Your security configuration must be updated before running your application in production.

2025-07-03T04:50:01.320+05:30  INFO 92145 --- [wildlife-api] [restartedMain] r$InitializeUserDetailsManagerConfigurer : Global AuthenticationManager configured with UserDetailsService bean with name inMemoryUserDetailsManager
2025-07-03T04:50:01.375+05:30 DEBUG 92145 --- [wildlife-api] [restartedMain] s.w.s.m.m.a.RequestMappingHandlerMapping : 51 mappings in 'requestMappingHandlerMapping'
2025-07-03T04:50:01.472+05:30 DEBUG 92145 --- [wildlife-api] [restartedMain] o.s.w.s.handler.SimpleUrlHandlerMapping  : Patterns [/webjars/**, /**, /swagger-ui*/*swagger-initializer.js, /swagger-ui*/**] in 'resourceHandlerMapping'
2025-07-03T04:50:01.547+05:30  INFO 92145 --- [wildlife-api] [restartedMain] o.s.b.a.e.web.EndpointLinksResolver      : Exposing 3 endpoints beneath base path '/actuator'
2025-07-03T04:50:01.644+05:30 DEBUG 92145 --- [wildlife-api] [restartedMain] o.s.s.web.DefaultSecurityFilterChain     : Will secure any request with filters: DisableEncodeUrlFilter, WebAsyncManagerIntegrationFilter, SecurityContextHolderFilter, HeaderWriterFilter, CorsFilter, LogoutFilter, JwtAuthenticationFilter, RequestCacheAwareFilter, SecurityContextHolderAwareRequestFilter, AnonymousAuthenticationFilter, SessionManagementFilter, ExceptionTranslationFilter, AuthorizationFilter
2025-07-03T04:50:01.722+05:30 DEBUG 92145 --- [wildlife-api] [restartedMain] s.w.s.m.m.a.RequestMappingHandlerAdapter : ControllerAdvice beans: 0 @ModelAttribute, 0 @InitBinder, 1 RequestBodyAdvice, 1 ResponseBodyAdvice
2025-07-03T04:50:01.739+05:30 DEBUG 92145 --- [wildlife-api] [restartedMain] .m.m.a.ExceptionHandlerExceptionResolver : ControllerAdvice beans: 2 @ExceptionHandler, 1 ResponseBodyAdvice
2025-07-03T04:50:01.885+05:30  INFO 92145 --- [wildlife-api] [restartedMain] o.s.b.d.a.OptionalLiveReloadServer       : LiveReload server is running on port 35729
2025-07-03T04:50:01.897+05:30  INFO 92145 --- [wildlife-api] [restartedMain] o.s.b.w.embedded.tomcat.TomcatWebServer  : Tomcat started on port 3001 (http) with context path '/'
2025-07-03T04:50:01.903+05:30  INFO 92145 --- [wildlife-api] [restartedMain] com.wildlife.WildlifeApiApplication      : Started WildlifeApiApplication in 1.317 seconds (process running for 10962.198)
2025-07-03T04:50:01.904+05:30  INFO 92145 --- [wildlife-api] [restartedMain] .ConditionEvaluationDeltaLoggingListener : Condition evaluation unchanged
2025-07-03T04:50:20.881+05:30  INFO 92145 --- [wildlife-api] [SpringApplicationShutdownHook] j.LocalContainerEntityManagerFactoryBean : Closing JPA EntityManagerFactory for persistence unit 'default'
2025-07-03T04:50:20.893+05:30  INFO 92145 --- [wildlife-api] [SpringApplicationShutdownHook] com.zaxxer.hikari.HikariDataSource       : HikariPool-17 - Shutdown initiated...
2025-07-03T04:50:20.900+05:30  INFO 92145 --- [wildlife-api] [SpringApplicationShutdownHook] com.zaxxer.hikari.HikariDataSource       : HikariPool-17 - Shutdown completed.
